This is pdfTeX, Version 3.141592653-2.6-1.40.25 (TeX Live 2023/Debian) (preloaded format=pdflatex 2025.3.29)  13 JUN 2025 10:57
entering extended mode
 \write18 enabled.
 %&-line parsing enabled.
**Suministros_Eficientes.tex
(./Suministros_Eficientes.tex
LaTeX2e <2023-11-01> patch level 1
L3 programming layer <2024-01-22>
(/usr/share/texlive/texmf-dist/tex/latex/base/article.cls
Document Class: article 2023/05/17 v1.4n Standard LaTeX document class
(/usr/share/texlive/texmf-dist/tex/latex/base/size10.clo
File: size10.clo 2023/05/17 v1.4n Standard LaTeX file (size option)
)
\c@part=\count187
\c@section=\count188
\c@subsection=\count189
\c@subsubsection=\count190
\c@paragraph=\count191
\c@subparagraph=\count192
\c@figure=\count193
\c@table=\count194
\abovecaptionskip=\skip48
\belowcaptionskip=\skip49
\bibindent=\dimen140
)
(/usr/share/texlive/texmf-dist/tex/latex/geometry/geometry.sty
Package: geometry 2020/01/02 v5.9 Page Geometry

(/usr/share/texlive/texmf-dist/tex/latex/graphics/keyval.sty
Package: keyval 2022/05/29 v1.15 key=value parser (DPC)
\KV@toks@=\toks17
)
(/usr/share/texlive/texmf-dist/tex/generic/iftex/ifvtex.sty
Package: ifvtex 2019/10/25 v1.7 ifvtex legacy package. Use iftex instead.

(/usr/share/texlive/texmf-dist/tex/generic/iftex/iftex.sty
Package: iftex 2022/02/03 v1.0f TeX engine tests
))
\Gm@cnth=\count195
\Gm@cntv=\count196
\c@Gm@tempcnt=\count197
\Gm@bindingoffset=\dimen141
\Gm@wd@mp=\dimen142
\Gm@odd@mp=\dimen143
\Gm@even@mp=\dimen144
\Gm@layoutwidth=\dimen145
\Gm@layoutheight=\dimen146
\Gm@layouthoffset=\dimen147
\Gm@layoutvoffset=\dimen148
\Gm@dimlist=\toks18
)
(/usr/share/texlive/texmf-dist/tex/generic/babel/babel.sty
Package: babel 2024/01/07 v24.1 The Babel package
\babel@savecnt=\count198
\U@D=\dimen149
\l@unhyphenated=\language89

(/usr/share/texlive/texmf-dist/tex/generic/babel/txtbabel.def)
\bbl@readstream=\read2
\bbl@dirlevel=\count199

(/usr/share/texlive/texmf-dist/tex/generic/babel-spanish/spanish.ldf
Language: spanish.ldf 2021/05/27 v5.0q Spanish support from the babel system
\es@quottoks=\toks19
\es@quotdepth=\count266
Package babel Info: Making " an active character on input line 570.
Package babel Info: Making . an active character on input line 675.
Package babel Info: Making < an active character on input line 722.
Package babel Info: Making > an active character on input line 722.
))
(/usr/share/texlive/texmf-dist/tex/generic/babel/locale/es/babel-spanish.tex
Package babel Info: Importing font and identification data for spanish
(babel)             from babel-es.ini. Reported on input line 11.
)
(/usr/share/texlive/texmf-dist/tex/latex/base/fontenc.sty
Package: fontenc 2021/04/29 v2.0v Standard LaTeX package
)
(/usr/share/texlive/texmf-dist/tex/latex/base/inputenc.sty
Package: inputenc 2021/02/14 v1.3d Input encoding file
\inpenc@prehook=\toks20
\inpenc@posthook=\toks21
)
(/usr/share/texlive/texmf-dist/tex/latex/psnfss/mathpazo.sty
Package: mathpazo 2020/03/25 PSNFSS-v9.3 Palatino w/ Pazo Math (D.Puga, WaS) 
\symupright=\mathgroup4
)
(/usr/share/texlive/texmf-dist/tex/latex/graphics/graphicx.sty
Package: graphicx 2021/09/16 v1.2d Enhanced LaTeX Graphics (DPC,SPQR)

(/usr/share/texlive/texmf-dist/tex/latex/graphics/graphics.sty
Package: graphics 2022/03/10 v1.4e Standard LaTeX Graphics (DPC,SPQR)

(/usr/share/texlive/texmf-dist/tex/latex/graphics/trig.sty
Package: trig 2021/08/11 v1.11 sin cos tan (DPC)
)
(/usr/share/texlive/texmf-dist/tex/latex/graphics-cfg/graphics.cfg
File: graphics.cfg 2016/06/04 v1.11 sample graphics configuration
)
Package graphics Info: Driver file: pdftex.def on input line 107.

(/usr/share/texlive/texmf-dist/tex/latex/graphics-def/pdftex.def
File: pdftex.def 2022/09/22 v1.2b Graphics/color driver for pdftex
))
\Gin@req@height=\dimen150
\Gin@req@width=\dimen151
)
(/usr/share/texlive/texmf-dist/tex/latex/pstricks/pstricks.sty
Package: pstricks 2024/02/02 v0.75 LaTeX wrapper for `PSTricks' (RN,HV)

(/usr/share/texlive/texmf-dist/tex/latex/xcolor/xcolor.sty
Package: xcolor 2023/11/15 v3.01 LaTeX color extensions (UK)

(/usr/share/texlive/texmf-dist/tex/latex/graphics-cfg/color.cfg
File: color.cfg 2016/01/02 v1.6 sample color configuration
)
Package xcolor Info: Driver file: pdftex.def on input line 274.

(/usr/share/texlive/texmf-dist/tex/latex/graphics/mathcolor.ltx)
Package xcolor Info: Model `cmy' substituted by `cmy0' on input line 1350.
Package xcolor Info: Model `hsb' substituted by `rgb' on input line 1354.
Package xcolor Info: Model `RGB' extended on input line 1366.
Package xcolor Info: Model `HTML' substituted by `rgb' on input line 1368.
Package xcolor Info: Model `Hsb' substituted by `hsb' on input line 1369.
Package xcolor Info: Model `tHsb' substituted by `hsb' on input line 1370.
Package xcolor Info: Model `HSB' substituted by `hsb' on input line 1371.
Package xcolor Info: Model `Gray' substituted by `gray' on input line 1372.
Package xcolor Info: Model `wave' substituted by `hsb' on input line 1373.
)
(/usr/share/texlive/texmf-dist/tex/generic/xkeyval/pst-xkey.tex
File: pst-xkey.tex 2005/11/25 v1.6 PSTricks specialization of xkeyval (HA)

(/usr/share/texlive/texmf-dist/tex/latex/xkeyval/xkeyval.sty
Package: xkeyval 2022/06/16 v2.9 package option processing (HA)

(/usr/share/texlive/texmf-dist/tex/generic/xkeyval/xkeyval.tex
(/usr/share/texlive/texmf-dist/tex/generic/xkeyval/xkvutils.tex
\XKV@toks=\toks22
\XKV@tempa@toks=\toks23
)
\XKV@depth=\count267
File: xkeyval.tex 2014/12/03 v2.7a key=value parser (HA)
)))
(/usr/share/texlive/texmf-dist/tex/generic/pstricks/pstricks.tex
(/usr/share/texlive/texmf-dist/tex/generic/pstricks/pst-fp.tex
`pst-fp' v0.06, 2020/11/20 (hv)
\pstFP@xs=\count268
\pstFP@xia=\count269
\pstFP@xib=\count270
\pstFP@xfa=\count271
\pstFP@xfb=\count272
\pstFP@rega=\count273
\pstFP@regb=\count274
\pstFP@regs=\count275
\pstFP@times=\count276
)
(/usr/share/texlive/texmf-dist/tex/latex/pgf/utilities/pgffor.sty
(/usr/share/texlive/texmf-dist/tex/latex/pgf/utilities/pgfrcs.sty
(/usr/share/texlive/texmf-dist/tex/generic/pgf/utilities/pgfutil-common.tex
\pgfutil@everybye=\toks24
\pgfutil@tempdima=\dimen152
\pgfutil@tempdimb=\dimen153
)
(/usr/share/texlive/texmf-dist/tex/generic/pgf/utilities/pgfutil-latex.def
\pgfutil@abb=\box51
)
(/usr/share/texlive/texmf-dist/tex/generic/pgf/utilities/pgfrcs.code.tex
(/usr/share/texlive/texmf-dist/tex/generic/pgf/pgf.revision.tex)
Package: pgfrcs 2023-01-15 v3.1.10 (3.1.10)
))
(/usr/share/texlive/texmf-dist/tex/latex/pgf/utilities/pgfkeys.sty
(/usr/share/texlive/texmf-dist/tex/generic/pgf/utilities/pgfkeys.code.tex
\pgfkeys@pathtoks=\toks25
\pgfkeys@temptoks=\toks26

(/usr/share/texlive/texmf-dist/tex/generic/pgf/utilities/pgfkeyslibraryfiltered
.code.tex
\pgfkeys@tmptoks=\toks27
))) (/usr/share/texlive/texmf-dist/tex/latex/pgf/math/pgfmath.sty
(/usr/share/texlive/texmf-dist/tex/generic/pgf/math/pgfmath.code.tex
(/usr/share/texlive/texmf-dist/tex/generic/pgf/math/pgfmathutil.code.tex
\pgf@x=\dimen154
\pgf@xa=\dimen155
\pgf@xb=\dimen156
\pgf@xc=\dimen157
\pgf@y=\dimen158
\pgf@ya=\dimen159
\pgf@yb=\dimen160
\pgf@yc=\dimen161
\c@pgf@counta=\count277
\c@pgf@countb=\count278
\c@pgf@countc=\count279
\c@pgf@countd=\count280
)
(/usr/share/texlive/texmf-dist/tex/generic/pgf/math/pgfmathparser.code.tex
\pgfmath@dimen=\dimen162
\pgfmath@count=\count281
\pgfmath@box=\box52
\pgfmath@toks=\toks28
\pgfmath@stack@operand=\toks29
\pgfmath@stack@operation=\toks30
)
(/usr/share/texlive/texmf-dist/tex/generic/pgf/math/pgfmathfunctions.code.tex)
(/usr/share/texlive/texmf-dist/tex/generic/pgf/math/pgfmathfunctions.basic.code
.tex)
(/usr/share/texlive/texmf-dist/tex/generic/pgf/math/pgfmathfunctions.trigonomet
ric.code.tex)
(/usr/share/texlive/texmf-dist/tex/generic/pgf/math/pgfmathfunctions.random.cod
e.tex)
(/usr/share/texlive/texmf-dist/tex/generic/pgf/math/pgfmathfunctions.comparison
.code.tex)
(/usr/share/texlive/texmf-dist/tex/generic/pgf/math/pgfmathfunctions.base.code.
tex)
(/usr/share/texlive/texmf-dist/tex/generic/pgf/math/pgfmathfunctions.round.code
.tex)
(/usr/share/texlive/texmf-dist/tex/generic/pgf/math/pgfmathfunctions.misc.code.
tex)
(/usr/share/texlive/texmf-dist/tex/generic/pgf/math/pgfmathfunctions.integerari
thmetics.code.tex)
(/usr/share/texlive/texmf-dist/tex/generic/pgf/math/pgfmathcalc.code.tex)
(/usr/share/texlive/texmf-dist/tex/generic/pgf/math/pgfmathfloat.code.tex
\c@pgfmathroundto@lastzeros=\count282
)))
(/usr/share/texlive/texmf-dist/tex/generic/pgf/utilities/pgffor.code.tex
Package: pgffor 2023-01-15 v3.1.10 (3.1.10)
\pgffor@iter=\dimen163
\pgffor@skip=\dimen164
\pgffor@stack=\toks31
\pgffor@toks=\toks32
))
\psLoopIndex=\count283

`PSTricks' v3.19c  <2024/02/02> (tvz,hv)
\pst@dima=\dimen165
\pst@dimb=\dimen166
\pst@dimc=\dimen167
\pst@dimd=\dimen168
\pst@dimg=\dimen169
\pst@dimh=\dimen170
\pst@dimm=\dimen171
\pst@dimn=\dimen172
\pst@dimo=\dimen173
\pst@dimp=\dimen174
\pst@hbox=\box53
\pst@ibox=\box54
\pst@boxg=\box55
\pst@cnta=\count284
\pst@cntb=\count285
\pst@cntc=\count286
\pst@cntd=\count287
\pst@cntg=\count288
\pst@cnth=\count289
\pst@cntm=\count290
\pst@cntn=\count291
\pst@cnto=\count292
\pst@cntp=\count293
\@zero=\count294
\pst@toks=\toks33
--- We are running latex or xelatex ---
(/usr/share/texlive/texmf-dist/tex/generic/pstricks/pstricks.con)
(/usr/share/texlive/texmf-dist/tex/generic/pstricks/pstricks-color.tex)
\psunit=\dimen175
\psxunit=\dimen176
\psyunit=\dimen177
\pst@C@@rType=\count295
\pslinewidth=\dimen178
\psk@startLW=\dimen179
\psk@endLW=\dimen180

(/usr/share/texlive/texmf-dist/tex/generic/pstricks/pstricks-arrows.tex
\pshooklength=\dimen181
\pshookwidth=\dimen182
)
\pst@customdefs=\toks34

(/usr/share/texlive/texmf-dist/tex/generic/pstricks/pstricks-dots.tex)
\pslinearc=\dimen183
\pst@symbolStep=\dimen184
\pst@symbolWidth=\dimen185
\pst@symbolLinewidth=\dimen186
\everypsbox=\toks35
\psframesep=\dimen187
\pslabelsep=\dimen188
\sh@wgridXunit=\dimen189
\sh@wgridYunit=\dimen190
\pst@shift=\dimen191
\ps@imagectr=\count296

(/usr/share/texlive/texmf-dist/tex/generic/pstricks/pstricks.con))
File: pstricks.tex 2024/02/02 v3.19c `PSTricks' (tvz,hv)

(/usr/share/texlive/texmf-dist/tex/generic/pstricks/pst-fp.tex
`pst-fp' v0.06, 2020/11/20 (hv))
File: pst-fp.tex 2020/11/20 v0.06 `PST-fp' (hv)
)
(/usr/share/texlive/texmf-dist/tex/latex/base/latexsym.sty
Package: latexsym 1998/08/17 v2.2e Standard LaTeX package (lasy symbols)
\symlasy=\mathgroup5
LaTeX Font Info:    Overwriting symbol font `lasy' in version `bold'
(Font)                  U/lasy/m/n --> U/lasy/b/n on input line 52.
)
(/usr/share/texlive/texmf-dist/tex/latex/amsmath/amsmath.sty
Package: amsmath 2023/05/13 v2.17o AMS math features
\@mathmargin=\skip50

For additional information on amsmath, use the `?' option.
(/usr/share/texlive/texmf-dist/tex/latex/amsmath/amstext.sty
Package: amstext 2021/08/26 v2.01 AMS text

(/usr/share/texlive/texmf-dist/tex/latex/amsmath/amsgen.sty
File: amsgen.sty 1999/11/30 v2.0 generic functions
\@emptytoks=\toks36
\ex@=\dimen192
))
(/usr/share/texlive/texmf-dist/tex/latex/amsmath/amsbsy.sty
Package: amsbsy 1999/11/29 v1.2d Bold Symbols
\pmbraise@=\dimen193
)
(/usr/share/texlive/texmf-dist/tex/latex/amsmath/amsopn.sty
Package: amsopn 2022/04/08 v2.04 operator names
)
\inf@bad=\count297
LaTeX Info: Redefining \frac on input line 234.
\uproot@=\count298
\leftroot@=\count299
LaTeX Info: Redefining \overline on input line 399.
LaTeX Info: Redefining \colon on input line 410.
\classnum@=\count300
\DOTSCASE@=\count301
LaTeX Info: Redefining \ldots on input line 496.
LaTeX Info: Redefining \dots on input line 499.
LaTeX Info: Redefining \cdots on input line 620.
\Mathstrutbox@=\box56
\strutbox@=\box57
LaTeX Info: Redefining \big on input line 722.
LaTeX Info: Redefining \Big on input line 723.
LaTeX Info: Redefining \bigg on input line 724.
LaTeX Info: Redefining \Bigg on input line 725.
\big@size=\dimen194
LaTeX Font Info:    Redeclaring font encoding OML on input line 743.
LaTeX Font Info:    Redeclaring font encoding OMS on input line 744.
\macc@depth=\count302
LaTeX Info: Redefining \bmod on input line 905.
LaTeX Info: Redefining \pmod on input line 910.
LaTeX Info: Redefining \smash on input line 940.
LaTeX Info: Redefining \relbar on input line 970.
LaTeX Info: Redefining \Relbar on input line 971.
\c@MaxMatrixCols=\count303
\dotsspace@=\muskip16
\c@parentequation=\count304
\dspbrk@lvl=\count305
\tag@help=\toks37
\row@=\count306
\column@=\count307
\maxfields@=\count308
\andhelp@=\toks38
\eqnshift@=\dimen195
\alignsep@=\dimen196
\tagshift@=\dimen197
\tagwidth@=\dimen198
\totwidth@=\dimen199
\lineht@=\dimen256
\@envbody=\toks39
\multlinegap=\skip51
\multlinetaggap=\skip52
\mathdisplay@stack=\toks40
LaTeX Info: Redefining \[ on input line 2953.
LaTeX Info: Redefining \] on input line 2954.
)
(/usr/share/texlive/texmf-dist/tex/latex/amsfonts/amssymb.sty
Package: amssymb 2013/01/14 v3.01 AMS font symbols

(/usr/share/texlive/texmf-dist/tex/latex/amsfonts/amsfonts.sty
Package: amsfonts 2013/01/14 v3.01 Basic AMSFonts support
\symAMSa=\mathgroup6
\symAMSb=\mathgroup7
LaTeX Font Info:    Redeclaring math symbol \hbar on input line 98.
LaTeX Font Info:    Overwriting math alphabet `\mathfrak' in version `bold'
(Font)                  U/euf/m/n --> U/euf/b/n on input line 106.
))
(/usr/share/texlive/texmf-dist/tex/latex/cancel/cancel.sty
Package: cancel 2013/04/12 v2.2 Cancel math terms
)
(/usr/share/texlive/texmf-dist/tex/latex/enumitem/enumitem.sty
Package: enumitem 2019/06/20 v3.9 Customized lists
\labelindent=\skip53
\enit@outerparindent=\dimen257
\enit@toks=\toks41
\enit@inbox=\box58
\enit@count@id=\count309
\enitdp@description=\count310
)
(/usr/share/texlive/texmf-dist/tex/latex/minted/minted.sty
Package: minted 2023/12/18 v2.9 Yet another Pygments shim for LaTeX

(/usr/share/texlive/texmf-dist/tex/latex/kvoptions/kvoptions.sty
Package: kvoptions 2022-06-15 v3.15 Key value format for package options (HO)

(/usr/share/texlive/texmf-dist/tex/generic/ltxcmds/ltxcmds.sty
Package: ltxcmds 2023-12-04 v1.26 LaTeX kernel commands for general use (HO)
)
(/usr/share/texlive/texmf-dist/tex/latex/kvsetkeys/kvsetkeys.sty
Package: kvsetkeys 2022-10-05 v1.19 Key value parser (HO)
))
(/usr/share/texlive/texmf-dist/tex/latex/fvextra/fvextra.sty
Package: fvextra 2023/11/28 v1.6.1 fvextra - extensions and patches for fancyvr
b

(/usr/share/texlive/texmf-dist/tex/latex/etoolbox/etoolbox.sty
Package: etoolbox 2020/10/05 v2.5k e-TeX tools for LaTeX (JAW)
\etb@tempcnta=\count311
)
(/usr/share/texlive/texmf-dist/tex/latex/fancyvrb/fancyvrb.sty
Package: fancyvrb 2024/01/20 4.5c verbatim text (tvz,hv)
\FV@CodeLineNo=\count312
\FV@InFile=\read3
\FV@TabBox=\box59
\c@FancyVerbLine=\count313
\FV@StepNumber=\count314
\FV@OutFile=\write3
)
(/usr/share/texlive/texmf-dist/tex/latex/upquote/upquote.sty
Package: upquote 2012/04/19 v1.3 upright-quote and grave-accent glyphs in verba
tim

(/usr/share/texlive/texmf-dist/tex/latex/base/textcomp.sty
Package: textcomp 2020/02/02 v2.0n Standard LaTeX package
))
(/usr/share/texlive/texmf-dist/tex/latex/lineno/lineno.sty
Package: lineno 2023/05/20 line numbers on paragraphs v5.3
\linenopenalty=\count315
\output=\toks42
\linenoprevgraf=\count316
\linenumbersep=\dimen258
\linenumberwidth=\dimen259
\c@linenumber=\count317
\c@pagewiselinenumber=\count318
\c@LN@truepage=\count319
\c@internallinenumber=\count320
\c@internallinenumbers=\count321
\quotelinenumbersep=\dimen260
\bframerule=\dimen261
\bframesep=\dimen262
\bframebox=\box60
\linenoamsmath@ams@eqpen=\count322
LaTeX Info: Redefining \\ on input line 3180.
)
\c@FancyVerbWriteLine=\count323
\c@FancyVerbBufferIndex=\count324
\c@FancyVerbBufferLength=\count325
\c@FancyVerbBufferLine=\count326
\c@FV@oldbufferlength=\count327
\c@FV@TrueTabGroupLevel=\count328
\c@FV@TrueTabCounter=\count329
\FV@TabBox@Group=\box61
\FV@TmpLength=\skip54
\c@FV@HighlightLinesStart=\count330
\c@FV@HighlightLinesStop=\count331
\FV@LoopCount=\count332
\FV@NCharsBox=\box62
\FV@BreakIndent=\dimen263
\FV@BreakIndentNChars=\count333
\FV@BreakSymbolSepLeft=\dimen264
\FV@BreakSymbolSepLeftNChars=\count334
\FV@BreakSymbolSepRight=\dimen265
\FV@BreakSymbolSepRightNChars=\count335
\FV@BreakSymbolIndentLeft=\dimen266
\FV@BreakSymbolIndentLeftNChars=\count336
\FV@BreakSymbolIndentRight=\dimen267
\FV@BreakSymbolIndentRightNChars=\count337
\c@FancyVerbLineBreakLast=\count338
\FV@LineBox=\box63
\FV@LineIndentBox=\box64
\c@FV@BreakBufferDepth=\count339
\FV@LineWidth=\dimen268
)
(/usr/share/texlive/texmf-dist/tex/latex/base/ifthen.sty
Package: ifthen 2022/04/13 v1.1d Standard LaTeX ifthen package (DPC)
)
(/usr/share/texlive/texmf-dist/tex/latex/tools/shellesc.sty
Package: shellesc 2023/07/08 v1.0d unified shell escape interface for LaTeX
Package shellesc Info: Unrestricted shell escape enabled on input line 75.
)
(/usr/share/texlive/texmf-dist/tex/latex/ifplatform/ifplatform.sty
Package: ifplatform 2017/10/13 v0.4a Testing for the operating system

(/usr/share/texlive/texmf-dist/tex/generic/pdftexcmds/pdftexcmds.sty
Package: pdftexcmds 2020-06-27 v0.33 Utility functions of pdfTeX for LuaTeX (HO
)

(/usr/share/texlive/texmf-dist/tex/generic/infwarerr/infwarerr.sty
Package: infwarerr 2019/12/03 v1.5 Providing info/warning/error messages (HO)
)
Package pdftexcmds Info: \pdf@primitive is available.
Package pdftexcmds Info: \pdf@ifprimitive is available.
Package pdftexcmds Info: \pdfdraftmode found.
)
(/usr/share/texlive/texmf-dist/tex/generic/catchfile/catchfile.sty
Package: catchfile 2019/12/09 v1.8 Catch the contents of a file (HO)

(/usr/share/texlive/texmf-dist/tex/generic/etexcmds/etexcmds.sty
Package: etexcmds 2019/12/15 v1.7 Avoid name clashes with e-TeX commands (HO)
))
(/usr/share/texlive/texmf-dist/tex/generic/iftex/ifluatex.sty
Package: ifluatex 2019/10/25 v1.5 ifluatex legacy package. Use iftex instead.
)
runsystem(uname -s > "Suministros_Eficientes.w18")...executed.


(./Suministros_Eficientes.w18)
runsystem(rm -- "Suministros_Eficientes.w18")...executed.

)
(/usr/share/texlive/texmf-dist/tex/generic/xstring/xstring.sty
(/usr/share/texlive/texmf-dist/tex/generic/xstring/xstring.tex
\xs_counta=\count340
\xs_countb=\count341
)
Package: xstring 2023/08/22 v1.86 String manipulations (CT)
)
(/usr/share/texlive/texmf-dist/tex/latex/framed/framed.sty
Package: framed 2011/10/22 v 0.96: framed or shaded text with page breaks
\OuterFrameSep=\skip55
\fb@frw=\dimen269
\fb@frh=\dimen270
\FrameRule=\dimen271
\FrameSep=\dimen272
)
(/usr/share/texlive/texmf-dist/tex/latex/float/float.sty
Package: float 2001/11/08 v1.3d Float enhancements (AL)
\c@float@type=\count342
\float@exts=\toks43
\float@box=\box65
\@float@everytoks=\toks44
\@floatcapt=\box66
)
\minted@appexistsfile=\read4
\minted@bgbox=\box67
\minted@code=\write4
\c@minted@FancyVerbLineTemp=\count343
\c@minted@pygmentizecounter=\count344
\@float@every@listing=\toks45
\c@listing=\count345
)
runsystem(mkdir -p _minted-Suministros_Eficientes)...executed.


(/usr/share/texlive/texmf-dist/tex/latex/multirow/multirow.sty
Package: multirow 2021/03/15 v2.8 Span multiple rows of a table
\multirow@colwidth=\skip56
\multirow@cntb=\count346
\multirow@dima=\skip57
\bigstrutjot=\dimen273
)
(/usr/share/texlive/texmf-dist/tex/latex/colortbl/colortbl.sty
Package: colortbl 2022/06/20 v1.0f Color table columns (DPC)

(/usr/share/texlive/texmf-dist/tex/latex/tools/array.sty
Package: array 2023/10/16 v2.5g Tabular extension package (FMi)
\col@sep=\dimen274
\ar@mcellbox=\box68
\extrarowheight=\dimen275
\NC@list=\toks46
\extratabsurround=\skip58
\backup@length=\skip59
\ar@cellbox=\box69
)
\everycr=\toks47
\minrowclearance=\skip60
\rownum=\count347
)

LaTeX Warning: Package "xcolor" has already been loaded: ignoring load-time
(LaTeX)        option "xcdraw".

(/usr/share/texlive/texmf-dist/tex/latex/xcolor/svgnam.def
File: svgnam.def 2023/11/15 v3.01 Predefined colors according to SVG 1.1 (UK)
)
(/usr/share/texlive/texmf-dist/tex/latex/url/url.sty
\Urlmuskip=\muskip17
Package: url 2013/09/16  ver 3.4  Verb mode for urls, etc.
)
(/usr/share/texlive/texmf-dist/tex/latex/hyperref/hyperref.sty
Package: hyperref 2024-01-20 v7.01h Hypertext links for LaTeX

(/usr/share/texlive/texmf-dist/tex/generic/kvdefinekeys/kvdefinekeys.sty
Package: kvdefinekeys 2019-12-19 v1.6 Define keys (HO)
)
(/usr/share/texlive/texmf-dist/tex/generic/pdfescape/pdfescape.sty
Package: pdfescape 2019/12/09 v1.15 Implements pdfTeX's escape features (HO)
)
(/usr/share/texlive/texmf-dist/tex/latex/hycolor/hycolor.sty
Package: hycolor 2020-01-27 v1.10 Color options for hyperref/bookmark (HO)
)
(/usr/share/texlive/texmf-dist/tex/latex/auxhook/auxhook.sty
Package: auxhook 2019-12-17 v1.6 Hooks for auxiliary files (HO)
)
(/usr/share/texlive/texmf-dist/tex/latex/hyperref/nameref.sty
Package: nameref 2023-11-26 v2.56 Cross-referencing by name of section

(/usr/share/texlive/texmf-dist/tex/latex/refcount/refcount.sty
Package: refcount 2019/12/15 v3.6 Data extraction from label references (HO)
)
(/usr/share/texlive/texmf-dist/tex/generic/gettitlestring/gettitlestring.sty
Package: gettitlestring 2019/12/15 v1.6 Cleanup title references (HO)
)
\c@section@level=\count348
)
\@linkdim=\dimen276
\Hy@linkcounter=\count349
\Hy@pagecounter=\count350

(/usr/share/texlive/texmf-dist/tex/latex/hyperref/pd1enc.def
File: pd1enc.def 2024-01-20 v7.01h Hyperref: PDFDocEncoding definition (HO)
Now handling font encoding PD1 ...
... no UTF-8 mapping file for font encoding PD1
)
(/usr/share/texlive/texmf-dist/tex/generic/intcalc/intcalc.sty
Package: intcalc 2019/12/15 v1.3 Expandable calculations with integers (HO)
)
\Hy@SavedSpaceFactor=\count351

(/usr/share/texlive/texmf-dist/tex/latex/hyperref/puenc.def
File: puenc.def 2024-01-20 v7.01h Hyperref: PDF Unicode definition (HO)
Now handling font encoding PU ...
... no UTF-8 mapping file for font encoding PU
)
Package hyperref Info: Option `breaklinks' set `true' on input line 4062.
Package hyperref Info: Option `colorlinks' set `true' on input line 4062.
Package hyperref Info: Hyper figures OFF on input line 4179.
Package hyperref Info: Link nesting OFF on input line 4184.
Package hyperref Info: Hyper index ON on input line 4187.
Package hyperref Info: Plain pages OFF on input line 4194.
Package hyperref Info: Backreferencing OFF on input line 4199.
Package hyperref Info: Implicit mode ON; LaTeX internals redefined.
Package hyperref Info: Bookmarks ON on input line 4446.
\c@Hy@tempcnt=\count352
LaTeX Info: Redefining \url on input line 4784.
\XeTeXLinkMargin=\dimen277

(/usr/share/texlive/texmf-dist/tex/generic/bitset/bitset.sty
Package: bitset 2019/12/09 v1.3 Handle bit-vector datatype (HO)

(/usr/share/texlive/texmf-dist/tex/generic/bigintcalc/bigintcalc.sty
Package: bigintcalc 2019/12/15 v1.5 Expandable calculations on big integers (HO
)
))
\Fld@menulength=\count353
\Field@Width=\dimen278
\Fld@charsize=\dimen279
Package hyperref Info: Hyper figures OFF on input line 6063.
Package hyperref Info: Link nesting OFF on input line 6068.
Package hyperref Info: Hyper index ON on input line 6071.
Package hyperref Info: backreferencing OFF on input line 6078.
Package hyperref Info: Link coloring ON on input line 6081.
Package hyperref Info: Link coloring with OCG OFF on input line 6088.
Package hyperref Info: PDF/A mode OFF on input line 6093.

(/usr/share/texlive/texmf-dist/tex/latex/base/atbegshi-ltx.sty
Package: atbegshi-ltx 2021/01/10 v1.0c Emulation of the original atbegshi
package with kernel methods
)
\Hy@abspage=\count354
\c@Item=\count355
\c@Hfootnote=\count356
)
Package hyperref Info: Driver (autodetected): hpdftex.

(/usr/share/texlive/texmf-dist/tex/latex/hyperref/hpdftex.def
File: hpdftex.def 2024-01-20 v7.01h Hyperref driver for pdfTeX

(/usr/share/texlive/texmf-dist/tex/latex/base/atveryend-ltx.sty
Package: atveryend-ltx 2020/08/19 v1.0a Emulation of the original atveryend pac
kage
with kernel methods
)
\Fld@listcount=\count357
\c@bookmark@seq@number=\count358

(/usr/share/texlive/texmf-dist/tex/latex/rerunfilecheck/rerunfilecheck.sty
Package: rerunfilecheck 2022-07-10 v1.10 Rerun checks for auxiliary files (HO)

(/usr/share/texlive/texmf-dist/tex/generic/uniquecounter/uniquecounter.sty
Package: uniquecounter 2019/12/15 v1.4 Provide unlimited unique counter (HO)
)
Package uniquecounter Info: New unique counter `rerunfilecheck' on input line 2
85.
)
\Hy@SectionHShift=\skip61
)
runsystem(command -v pygmentize && touch Suministros_Eficientes.aex)...executed
.

runsystem(rm Suministros_Eficientes.aex)...executed.

LaTeX Font Info:    Trying to load font information for T1+ppl on input line 40
.

(/usr/share/texlive/texmf-dist/tex/latex/psnfss/t1ppl.fd
File: t1ppl.fd 2001/06/04 font definitions for T1/ppl.
)
(/usr/share/texlive/texmf-dist/tex/latex/l3backend/l3backend-pdftex.def
File: l3backend-pdftex.def 2024-01-04 L3 backend support: PDF output (pdfTeX)
\l__color_backend_stack_int=\count359
\l__pdf_internal_box=\box70
)
(./Suministros_Eficientes.aux
LaTeX Info: Redefining \. on input line 11.
LaTeX Info: Redefining \% on input line 11.
)
\openout1 = `Suministros_Eficientes.aux'.

LaTeX Font Info:    Checking defaults for OML/cmm/m/it on input line 40.
LaTeX Font Info:    ... okay on input line 40.
LaTeX Font Info:    Checking defaults for OMS/cmsy/m/n on input line 40.
LaTeX Font Info:    ... okay on input line 40.
LaTeX Font Info:    Checking defaults for OT1/cmr/m/n on input line 40.
LaTeX Font Info:    ... okay on input line 40.
LaTeX Font Info:    Checking defaults for T1/cmr/m/n on input line 40.
LaTeX Font Info:    ... okay on input line 40.
LaTeX Font Info:    Checking defaults for TS1/cmr/m/n on input line 40.
LaTeX Font Info:    ... okay on input line 40.
LaTeX Font Info:    Checking defaults for OMX/cmex/m/n on input line 40.
LaTeX Font Info:    ... okay on input line 40.
LaTeX Font Info:    Checking defaults for U/cmr/m/n on input line 40.
LaTeX Font Info:    ... okay on input line 40.
LaTeX Font Info:    Checking defaults for PD1/pdf/m/n on input line 40.
LaTeX Font Info:    ... okay on input line 40.
LaTeX Font Info:    Checking defaults for PU/pdf/m/n on input line 40.
LaTeX Font Info:    ... okay on input line 40.

*geometry* driver: auto-detecting
*geometry* detected driver: pdftex
*geometry* verbose mode - [ preamble ] result:
* driver: pdftex
* paper: <default>
* layout: <same size as paper>
* layoutoffset:(h,v)=(0.0pt,0.0pt)
* modes: 
* h-part:(L,W,R)=(56.9055pt, 512.1496pt, 45.2399pt)
* v-part:(T,H,B)=(56.9055pt, 597.50787pt, 140.55661pt)
* \paperwidth=614.295pt
* \paperheight=794.96999pt
* \textwidth=512.1496pt
* \textheight=597.50787pt
* \oddsidemargin=-15.36449pt
* \evensidemargin=-15.36449pt
* \topmargin=-52.36449pt
* \headheight=12.0pt
* \headsep=25.0pt
* \topskip=10.0pt
* \footskip=30.0pt
* \marginparwidth=65.0pt
* \marginparsep=11.0pt
* \columnsep=10.0pt
* \skip\footins=9.0pt plus 4.0pt minus 2.0pt
* \hoffset=0.0pt
* \voffset=0.0pt
* \mag=1000
* \@twocolumnfalse
* \@twosidefalse
* \@mparswitchfalse
* \@reversemarginfalse
* (1in=72.27pt=25.4mm, 1cm=28.453pt)

LaTeX Info: Redefining \. on input line 40.
LaTeX Info: Redefining \% on input line 40.
(/usr/share/texlive/texmf-dist/tex/context/base/mkii/supp-pdf.mkii
[Loading MPS to PDF converter (version 2006.09.02).]
\scratchcounter=\count360
\scratchdimen=\dimen280
\scratchbox=\box71
\nofMPsegments=\count361
\nofMParguments=\count362
\everyMPshowfont=\toks48
\MPscratchCnt=\count363
\MPscratchDim=\dimen281
\MPnumerator=\count364
\makeMPintoPDFobject=\count365
\everyMPtoPDFconversion=\toks49
) (/usr/share/texlive/texmf-dist/tex/latex/epstopdf-pkg/epstopdf-base.sty
Package: epstopdf-base 2020-01-24 v2.11 Base part for package epstopdf
Package epstopdf-base Info: Redefining graphics rule for `.eps' on input line 4
85.

(/usr/share/texlive/texmf-dist/tex/latex/latexconfig/epstopdf-sys.cfg
File: epstopdf-sys.cfg 2010/07/13 v1.3 Configuration of (r)epstopdf for TeX Liv
e
))
Package hyperref Info: Link coloring ON on input line 40.

(./Suministros_Eficientes.out) (./Suministros_Eficientes.out)
\@outlinefile=\write5
\openout5 = `Suministros_Eficientes.out'.

LaTeX Font Info:    Trying to load font information for T1+phv on input line 51
.

(/usr/share/texlive/texmf-dist/tex/latex/psnfss/t1phv.fd
File: t1phv.fd 2020/03/25 scalable font definitions for T1/phv.
)
LaTeX Font Info:    Trying to load font information for OT1+ppl on input line 5
1.

(/usr/share/texlive/texmf-dist/tex/latex/psnfss/ot1ppl.fd
File: ot1ppl.fd 2001/06/04 font definitions for OT1/ppl.
)
LaTeX Font Info:    Trying to load font information for OML+zplm on input line 
51.

(/usr/share/texlive/texmf-dist/tex/latex/psnfss/omlzplm.fd
File: omlzplm.fd 2002/09/08 Fontinst v1.914 font definitions for OML/zplm.
)
LaTeX Font Info:    Trying to load font information for OMS+zplm on input line 
51.

(/usr/share/texlive/texmf-dist/tex/latex/psnfss/omszplm.fd
File: omszplm.fd 2002/09/08 Fontinst v1.914 font definitions for OMS/zplm.
)
LaTeX Font Info:    Trying to load font information for OMX+zplm on input line 
51.

(/usr/share/texlive/texmf-dist/tex/latex/psnfss/omxzplm.fd
File: omxzplm.fd 2002/09/08 Fontinst v1.914 font definitions for OMX/zplm.
)
LaTeX Font Info:    Trying to load font information for OT1+zplm on input line 
51.

(/usr/share/texlive/texmf-dist/tex/latex/psnfss/ot1zplm.fd
File: ot1zplm.fd 2002/09/08 Fontinst v1.914 font definitions for OT1/zplm.
)
LaTeX Font Info:    Trying to load font information for U+lasy on input line 51
.

(/usr/share/texlive/texmf-dist/tex/latex/base/ulasy.fd
File: ulasy.fd 1998/08/17 v2.2e LaTeX symbol font definitions
)
LaTeX Font Info:    Font shape `U/msa/m/n' will be
(Font)              scaled to size 12.50409pt on input line 51.
LaTeX Font Info:    Font shape `U/msa/m/n' will be
(Font)              scaled to size 9.37807pt on input line 51.
LaTeX Font Info:    Font shape `U/msa/m/n' will be
(Font)              scaled to size 7.29405pt on input line 51.
LaTeX Font Info:    Font shape `U/msb/m/n' will be
(Font)              scaled to size 12.50409pt on input line 51.
LaTeX Font Info:    Font shape `U/msb/m/n' will be
(Font)              scaled to size 9.37807pt on input line 51.
LaTeX Font Info:    Font shape `U/msb/m/n' will be
(Font)              scaled to size 7.29405pt on input line 51.

(./Suministros_Eficientes.toc
LaTeX Info: Redefining \. on input line 1.
LaTeX Info: Redefining \% on input line 1.
LaTeX Font Info:    Font shape `U/msa/m/n' will be
(Font)              scaled to size 10.42007pt on input line 3.
LaTeX Font Info:    Font shape `U/msa/m/n' will be
(Font)              scaled to size 7.91925pt on input line 3.
LaTeX Font Info:    Font shape `U/msa/m/n' will be
(Font)              scaled to size 6.25204pt on input line 3.
LaTeX Font Info:    Font shape `U/msb/m/n' will be
(Font)              scaled to size 10.42007pt on input line 3.
LaTeX Font Info:    Font shape `U/msb/m/n' will be
(Font)              scaled to size 7.91925pt on input line 3.
LaTeX Font Info:    Font shape `U/msb/m/n' will be
(Font)              scaled to size 6.25204pt on input line 3.
 [1
Non-PDF special ignored!
<special> header=pstricks.pro
Non-PDF special ignored!
<special> header=pst-algparser.pro
Non-PDF special ignored!
<special> header=pst-tools.pro
Non-PDF special ignored!
<special> header=pst-dots.pro

Non-PDF special ignored!
<special> ps: /pssetRGBcolor /setrgbcolor load def /pssetCMYKcolor /setcmyk...
Non-PDF special ignored!
<special> ps:tx@Dict begin  gsave STV CP T /ps@rot 0 def grestore  end
Non-PDF special ignored!
<special> ps:tx@Dict begin  gsave STV CP T /ps@refangle 0.  def grestore  e...
{/var/lib/texmf/fonts/map/pdftex/updmap/pdftex.map}{/usr/share/texlive/texmf-di
st/fonts/enc/dvips/base/8r.enc}])
\tf@toc=\write6
\openout6 = `Suministros_Eficientes.toc'.

 [2]
Underfull \hbox (badness 10000) in paragraph at lines 62--63

 []


Underfull \hbox (badness 10000) in paragraph at lines 64--65

 []


Underfull \hbox (badness 10000) in paragraph at lines 66--67

 []


Underfull \hbox (badness 10000) in paragraph at lines 68--69

 []


Underfull \hbox (badness 10000) in paragraph at lines 70--71

 []


Underfull \hbox (badness 10000) in paragraph at lines 74--75

 []

[3]
Underfull \hbox (badness 10000) in paragraph at lines 76--77

 []


Underfull \hbox (badness 10000) in paragraph at lines 78--79

 []


Underfull \hbox (badness 10000) in paragraph at lines 80--81

 []


Underfull \hbox (badness 10000) in paragraph at lines 82--83

 []

[4]
Underfull \hbox (badness 10000) in paragraph at lines 110--111

 []


Underfull \hbox (badness 10000) in paragraph at lines 112--113

 []


Overfull \hbox (1.19789pt too wide) in paragraph at lines 117--133
[][] 
 []


LaTeX Warning: `!h' float specifier changed to `!ht'.

[5] [6]
<cookiecutter.png, id=309, 371.88937pt x 202.50656pt>
File: cookiecutter.png Graphic file (type png)
<use cookiecutter.png>
Package pdftex.def Info: cookiecutter.png  used on input line 188.
(pdftex.def)             Requested size: 358.50314pt x 195.22292pt.
\openout3 = `Suministros_Eficientes.pyg'.

 (./_minted-Suministros_Eficientes/vs.pygstyle)
(./_minted-Suministros_Eficientes/54C8F32123177275708A5E625B27E907ECB705E2E1BA2
F153AED8AC88B4F3ED9.pygtex
LaTeX Font Info:    Trying to load font information for T1+cmtt on input line 1
.

(/usr/share/texlive/texmf-dist/tex/latex/base/t1cmtt.fd
File: t1cmtt.fd 2023/04/13 v2.5m Standard LaTeX font definitions
)
LaTeX Font Info:    Trying to load font information for TS1+cmtt on input line 
12.

(/usr/share/texlive/texmf-dist/tex/latex/base/ts1cmtt.fd
File: ts1cmtt.fd 2023/04/13 v2.5m Standard LaTeX font definitions
)
LaTeX Font Info:    Font shape `U/msa/m/n' will be
(Font)              scaled to size 8.33606pt on input line 15.
LaTeX Font Info:    Font shape `U/msa/m/n' will be
(Font)              scaled to size 5.21004pt on input line 15.
LaTeX Font Info:    Font shape `U/msb/m/n' will be
(Font)              scaled to size 8.33606pt on input line 15.
LaTeX Font Info:    Font shape `U/msb/m/n' will be
(Font)              scaled to size 5.21004pt on input line 15.
) [7{/usr/share/texmf/fonts/enc/dvips/cm-super/cm-super-t1.enc}{/usr/share/texm
f/fonts/enc/dvips/cm-super/cm-super-ts1.enc} <./cookiecutter.png>]
Underfull \vbox (badness 10000) detected at line 305
 []


Underfull \vbox (badness 10000) detected at line 305
 []

[8]
<scapping_1.png, id=328, 1135.99406pt x 522.45187pt>
File: scapping_1.png Graphic file (type png)
<use scapping_1.png>
Package pdftex.def Info: scapping_1.png  used on input line 311.
(pdftex.def)             Requested size: 460.9315pt x 211.98247pt.
\openout3 = `Suministros_Eficientes.pyg'.


(./_minted-Suministros_Eficientes/304C330E3C7029F2F1E7C5403B39CB7CECB705E2E1BA2
F153AED8AC88B4F3ED9.pygtex) [9]
\openout3 = `Suministros_Eficientes.pyg'.


(./_minted-Suministros_Eficientes/069FF9A9538FB51B3997B76167B98542ECB705E2E1BA2
F153AED8AC88B4F3ED9.pygtex) [10 <./scapping_1.png>]
\openout3 = `Suministros_Eficientes.pyg'.


(./_minted-Suministros_Eficientes/9A95BBF17749178F74FBBC48B22FC71BECB705E2E1BA2
F153AED8AC88B4F3ED9.pygtex)
\openout3 = `Suministros_Eficientes.pyg'.


(./_minted-Suministros_Eficientes/67A804495372BA95FCF420E5550CA73AECB705E2E1BA2
F153AED8AC88B4F3ED9.pygtex)
\openout3 = `Suministros_Eficientes.pyg'.


(./_minted-Suministros_Eficientes/653D8A75B67FD2441AAA2ABCE0A9DB21ECB705E2E1BA2
F153AED8AC88B4F3ED9.pygtex) [11]
\openout3 = `Suministros_Eficientes.pyg'.


(./_minted-Suministros_Eficientes/F41AF03E3AEAFF5EC1D984ED56CFCBA9ECB705E2E1BA2
F153AED8AC88B4F3ED9.pygtex)
\openout3 = `Suministros_Eficientes.pyg'.

 [12]
(./_minted-Suministros_Eficientes/C81BE386E831A5A14D2A74E8C2CC2FA7ECB705E2E1BA2
F153AED8AC88B4F3ED9.pygtex)
\openout3 = `Suministros_Eficientes.pyg'.


(./_minted-Suministros_Eficientes/EC22E7C1F8D75D283F07CCEEAE7D5724ECB705E2E1BA2
F153AED8AC88B4F3ED9.pygtex)
\openout3 = `Suministros_Eficientes.pyg'.


(./_minted-Suministros_Eficientes/D3186361787A850590EA92F1DB22889DECB705E2E1BA2
F153AED8AC88B4F3ED9.pygtex) [13]
\openout3 = `Suministros_Eficientes.pyg'.


(./_minted-Suministros_Eficientes/027782A6E1BBFCDAEA7E5362D0557E1FECB705E2E1BA2
F153AED8AC88B4F3ED9.pygtex)
Package epstopdf Info: Source file: <fig_3.eps>
(epstopdf)                    date: 2025-06-11 15:17:04
(epstopdf)                    size: 42790 bytes
(epstopdf)             Output file: <fig_3-eps-converted-to.pdf>
(epstopdf)                    date: 2025-06-11 15:18:55
(epstopdf)                    size: 20351 bytes
(epstopdf)             Command: <epstopdf --outfile=fig_3-eps-converted-to.pdf 
fig_3.eps>
(epstopdf)             \includegraphics on input line 564.
Package epstopdf Info: Output file is already uptodate.
<fig_3-eps-converted-to.pdf, id=354, 578.16pt x 578.16pt>
File: fig_3-eps-converted-to.pdf Graphic file (type pdf)
<use fig_3-eps-converted-to.pdf>
Package pdftex.def Info: fig_3-eps-converted-to.pdf  used on input line 564.
(pdftex.def)             Requested size: 358.50314pt x 358.4996pt.
\openout3 = `Suministros_Eficientes.pyg'.


(./_minted-Suministros_Eficientes/4836F8426ECB4D263DDE4DCC07A95406ECB705E2E1BA2
F153AED8AC88B4F3ED9.pygtex) [14]
Package epstopdf Info: Source file: <fig_4.eps>
(epstopdf)                    date: 2025-06-11 15:17:12
(epstopdf)                    size: 31317 bytes
(epstopdf)             Output file: <fig_4-eps-converted-to.pdf>
(epstopdf)                    date: 2025-06-11 15:18:16
(epstopdf)                    size: 22115 bytes
(epstopdf)             Command: <epstopdf --outfile=fig_4-eps-converted-to.pdf 
fig_4.eps>
(epstopdf)             \includegraphics on input line 587.
Package epstopdf Info: Output file is already uptodate.
<fig_4-eps-converted-to.pdf, id=359, 722.7pt x 289.08pt>
File: fig_4-eps-converted-to.pdf Graphic file (type pdf)
<use fig_4-eps-converted-to.pdf>
Package pdftex.def Info: fig_4-eps-converted-to.pdf  used on input line 587.
(pdftex.def)             Requested size: 358.50314pt x 143.4016pt.
\openout3 = `Suministros_Eficientes.pyg'.

 [15 <./fig_3-eps-converted-to.pdf>]
(./_minted-Suministros_Eficientes/48D86A20F98B70A62240C804B2F69647ECB705E2E1BA2
F153AED8AC88B4F3ED9.pygtex)
Package epstopdf Info: Source file: <fig_5.eps>
(epstopdf)                    date: 2025-06-11 15:23:13
(epstopdf)                    size: 26660 bytes
(epstopdf)             Output file: <fig_5-eps-converted-to.pdf>
(epstopdf)                    date: 2025-06-11 15:23:36
(epstopdf)                    size: 18760 bytes
(epstopdf)             Command: <epstopdf --outfile=fig_5-eps-converted-to.pdf 
fig_5.eps>
(epstopdf)             \includegraphics on input line 608.
Package epstopdf Info: Output file is already uptodate.
<fig_5-eps-converted-to.pdf, id=418, 722.7pt x 289.08pt>
File: fig_5-eps-converted-to.pdf Graphic file (type pdf)
<use fig_5-eps-converted-to.pdf>
Package pdftex.def Info: fig_5-eps-converted-to.pdf  used on input line 608.
(pdftex.def)             Requested size: 358.50314pt x 143.4016pt.
\openout3 = `Suministros_Eficientes.pyg'.


(./_minted-Suministros_Eficientes/1647B5BE04BD4F5593964019C743FE37ECB705E2E1BA2
F153AED8AC88B4F3ED9.pygtex) [16 <./fig_4-eps-converted-to.pdf> <./fig_5-eps-con
verted-to.pdf>]
\openout3 = `Suministros_Eficientes.pyg'.


(./_minted-Suministros_Eficientes/E9EEE6E0CD13EF410092EC4CE269F5F7ECB705E2E1BA2
F153AED8AC88B4F3ED9.pygtex)
Package epstopdf Info: Source file: <fig_6.eps>
(epstopdf)                    date: 2025-06-11 15:28:39
(epstopdf)                    size: 28155 bytes
(epstopdf)             Output file: <fig_6-eps-converted-to.pdf>
(epstopdf)                    date: 2025-06-11 15:29:19
(epstopdf)                    size: 17836 bytes
(epstopdf)             Command: <epstopdf --outfile=fig_6-eps-converted-to.pdf 
fig_6.eps>
(epstopdf)             \includegraphics on input line 650.
Package epstopdf Info: Output file is already uptodate.
<fig_6-eps-converted-to.pdf, id=521, 722.7pt x 289.08pt>
File: fig_6-eps-converted-to.pdf Graphic file (type pdf)
<use fig_6-eps-converted-to.pdf>
Package pdftex.def Info: fig_6-eps-converted-to.pdf  used on input line 650.
(pdftex.def)             Requested size: 512.1496pt x 204.86006pt.
\openout3 = `Suministros_Eficientes.pyg'.


(./_minted-Suministros_Eficientes/5A58222C5CEC442411B154AD7534345BECB705E2E1BA2
F153AED8AC88B4F3ED9.pygtex)
Package epstopdf Info: Source file: <fig_7.eps>
(epstopdf)                    date: 2025-06-11 15:31:38
(epstopdf)                    size: 23820 bytes
(epstopdf)             Output file: <fig_7-eps-converted-to.pdf>
(epstopdf)                    date: 2025-06-11 15:32:56
(epstopdf)                    size: 15625 bytes
(epstopdf)             Command: <epstopdf --outfile=fig_7-eps-converted-to.pdf 
fig_7.eps>
(epstopdf)             \includegraphics on input line 672.
Package epstopdf Info: Output file is already uptodate.
<fig_7-eps-converted-to.pdf, id=522, 722.7pt x 289.08pt>
File: fig_7-eps-converted-to.pdf Graphic file (type pdf)
<use fig_7-eps-converted-to.pdf>
Package pdftex.def Info: fig_7-eps-converted-to.pdf  used on input line 672.
(pdftex.def)             Requested size: 358.50314pt x 143.4016pt.
\openout3 = `Suministros_Eficientes.pyg'.


(./_minted-Suministros_Eficientes/EE3FB3E34383770E4B8216F073096C2DECB705E2E1BA2
F153AED8AC88B4F3ED9.pygtex) [17]
Package epstopdf Info: Source file: <fig_8.eps>
(epstopdf)                    date: 2025-06-11 15:35:40
(epstopdf)                    size: 32754 bytes
(epstopdf)             Output file: <fig_8-eps-converted-to.pdf>
(epstopdf)                    date: 2025-06-11 15:36:18
(epstopdf)                    size: 19946 bytes
(epstopdf)             Command: <epstopdf --outfile=fig_8-eps-converted-to.pdf 
fig_8.eps>
(epstopdf)             \includegraphics on input line 695.
Package epstopdf Info: Output file is already uptodate.
<fig_8-eps-converted-to.pdf, id=527, 722.7pt x 289.08pt>
File: fig_8-eps-converted-to.pdf Graphic file (type pdf)
<use fig_8-eps-converted-to.pdf>
Package pdftex.def Info: fig_8-eps-converted-to.pdf  used on input line 695.
(pdftex.def)             Requested size: 358.50314pt x 143.4016pt.
\openout3 = `Suministros_Eficientes.pyg'.

 [18 <./fig_6-eps-converted-to.pdf> <./fig_7-eps-converted-to.pdf>]
(./_minted-Suministros_Eficientes/891DF5472DE64908BEF8785D07BE30D6ECB705E2E1BA2
F153AED8AC88B4F3ED9.pygtex)
\openout3 = `Suministros_Eficientes.pyg'.

 [19 <./fig_8-eps-converted-to.pdf>]
(./_minted-Suministros_Eficientes/8E99A2E9F94EE4983CC9B9C4544EC862ECB705E2E1BA2
F153AED8AC88B4F3ED9.pygtex)
Package epstopdf Info: Source file: <fig_9.eps>
(epstopdf)                    date: 2025-06-11 15:43:12
(epstopdf)                    size: 50860 bytes
(epstopdf)             Output file: <fig_9-eps-converted-to.pdf>
(epstopdf)                    date: 2025-06-11 15:43:39
(epstopdf)                    size: 21233 bytes
(epstopdf)             Command: <epstopdf --outfile=fig_9-eps-converted-to.pdf 
fig_9.eps>
(epstopdf)             \includegraphics on input line 745.
Package epstopdf Info: Output file is already uptodate.
<fig_9-eps-converted-to.pdf, id=675, 722.7pt x 289.08pt>
File: fig_9-eps-converted-to.pdf Graphic file (type pdf)
<use fig_9-eps-converted-to.pdf>
Package pdftex.def Info: fig_9-eps-converted-to.pdf  used on input line 745.
(pdftex.def)             Requested size: 358.50314pt x 143.4016pt.
\openout3 = `Suministros_Eficientes.pyg'.


(./_minted-Suministros_Eficientes/26299DB60856681C8D9B784D09D52347ECB705E2E1BA2
F153AED8AC88B4F3ED9.pygtex)
\openout3 = `Suministros_Eficientes.pyg'.

 [20 <./fig_9-eps-converted-to.pdf>]
(./_minted-Suministros_Eficientes/0C83E2D63530ACC1ACA06C32348C1201ECB705E2E1BA2
F153AED8AC88B4F3ED9.pygtex)
\openout3 = `Suministros_Eficientes.pyg'.


(./_minted-Suministros_Eficientes/BD882CB4DA7F4D4DDFC2C97942ACA235ECB705E2E1BA2
F153AED8AC88B4F3ED9.pygtex)
Package epstopdf Info: Source file: <fig_10.eps>
(epstopdf)                    date: 2025-06-11 18:45:17
(epstopdf)                    size: 19015 bytes
(epstopdf)             Output file: <fig_10-eps-converted-to.pdf>
(epstopdf)                    date: 2025-06-11 18:48:22
(epstopdf)                    size: 14295 bytes
(epstopdf)             Command: <epstopdf --outfile=fig_10-eps-converted-to.pdf
 fig_10.eps>
(epstopdf)             \includegraphics on input line 798.
Package epstopdf Info: Output file is already uptodate.
<fig_10-eps-converted-to.pdf, id=733, 361.35pt x 361.35pt>
File: fig_10-eps-converted-to.pdf Graphic file (type pdf)
<use fig_10-eps-converted-to.pdf>
Package pdftex.def Info: fig_10-eps-converted-to.pdf  used on input line 798.
(pdftex.def)             Requested size: 358.50314pt x 358.50401pt.
\openout3 = `Suministros_Eficientes.pyg'.


(./_minted-Suministros_Eficientes/E46D011839504CF676AD1BEC46A8B054ECB705E2E1BA2
F153AED8AC88B4F3ED9.pygtex)
Package epstopdf Info: Source file: <fig_11.eps>
(epstopdf)                    date: 2025-06-11 18:51:39
(epstopdf)                    size: 29724 bytes
(epstopdf)             Output file: <fig_11-eps-converted-to.pdf>
(epstopdf)                    date: 2025-06-11 18:52:09
(epstopdf)                    size: 19600 bytes
(epstopdf)             Command: <epstopdf --outfile=fig_11-eps-converted-to.pdf
 fig_11.eps>
(epstopdf)             \includegraphics on input line 821.
Package epstopdf Info: Output file is already uptodate.
<fig_11-eps-converted-to.pdf, id=734, 722.7pt x 289.08pt>
File: fig_11-eps-converted-to.pdf Graphic file (type pdf)
<use fig_11-eps-converted-to.pdf>
Package pdftex.def Info: fig_11-eps-converted-to.pdf  used on input line 821.
(pdftex.def)             Requested size: 358.50314pt x 143.4016pt.
\openout3 = `Suministros_Eficientes.pyg'.


(./_minted-Suministros_Eficientes/16E098ABDEB3130721A3BD4DE3ED9E9FECB705E2E1BA2
F153AED8AC88B4F3ED9.pygtex) [21]
\openout3 = `Suministros_Eficientes.pyg'.


(./_minted-Suministros_Eficientes/5CB9B1FB87964C92AEB3FDD22378E024ECB705E2E1BA2
F153AED8AC88B4F3ED9.pygtex) [22 <./fig_10-eps-converted-to.pdf>]
\openout3 = `Suministros_Eficientes.pyg'.


(./_minted-Suministros_Eficientes/B9D24308B4E80962176FBE55B8C6267AECB705E2E1BA2
F153AED8AC88B4F3ED9.pygtex)
Package epstopdf Info: Source file: <fig_12.eps>
(epstopdf)                    date: 2025-06-11 19:10:45
(epstopdf)                    size: 25584 bytes
(epstopdf)             Output file: <fig_12-eps-converted-to.pdf>
(epstopdf)                    date: 2025-06-11 19:11:54
(epstopdf)                    size: 16972 bytes
(epstopdf)             Command: <epstopdf --outfile=fig_12-eps-converted-to.pdf
 fig_12.eps>
(epstopdf)             \includegraphics on input line 883.
Package epstopdf Info: Output file is already uptodate.
<fig_12-eps-converted-to.pdf, id=779, 722.7pt x 289.08pt>
File: fig_12-eps-converted-to.pdf Graphic file (type pdf)
<use fig_12-eps-converted-to.pdf>
Package pdftex.def Info: fig_12-eps-converted-to.pdf  used on input line 883.
(pdftex.def)             Requested size: 358.50314pt x 143.4016pt.
\openout3 = `Suministros_Eficientes.pyg'.


(./_minted-Suministros_Eficientes/FB92BEF3D9D69CBA2017F1CBDD796F5AECB705E2E1BA2
F153AED8AC88B4F3ED9.pygtex) [23 <./fig_11-eps-converted-to.pdf>]
Package epstopdf Info: Source file: <fig_13.eps>
(epstopdf)                    date: 2025-06-11 19:14:58
(epstopdf)                    size: 34141 bytes
(epstopdf)             Output file: <fig_13-eps-converted-to.pdf>
(epstopdf)                    date: 2025-06-11 19:15:25
(epstopdf)                    size: 22141 bytes
(epstopdf)             Command: <epstopdf --outfile=fig_13-eps-converted-to.pdf
 fig_13.eps>
(epstopdf)             \includegraphics on input line 907.
Package epstopdf Info: Output file is already uptodate.
<fig_13-eps-converted-to.pdf, id=837, 722.7pt x 289.08pt>
File: fig_13-eps-converted-to.pdf Graphic file (type pdf)
<use fig_13-eps-converted-to.pdf>
Package pdftex.def Info: fig_13-eps-converted-to.pdf  used on input line 907.
(pdftex.def)             Requested size: 358.50314pt x 143.4016pt.
\openout3 = `Suministros_Eficientes.pyg'.


(./_minted-Suministros_Eficientes/CB001CE52D21298D53CE57E337B12123ECB705E2E1BA2
F153AED8AC88B4F3ED9.pygtex) [24 <./fig_12-eps-converted-to.pdf> <./fig_13-eps-c
onverted-to.pdf>]
Package epstopdf Info: Source file: <fig_14.eps>
(epstopdf)                    date: 2025-06-11 19:19:46
(epstopdf)                    size: 27178 bytes
(epstopdf)             Output file: <fig_14-eps-converted-to.pdf>
(epstopdf)                    date: 2025-06-11 19:21:09
(epstopdf)                    size: 17844 bytes
(epstopdf)             Command: <epstopdf --outfile=fig_14-eps-converted-to.pdf
 fig_14.eps>
(epstopdf)             \includegraphics on input line 929.
Package epstopdf Info: Output file is already uptodate.
<fig_14-eps-converted-to.pdf, id=949, 722.7pt x 289.08pt>
File: fig_14-eps-converted-to.pdf Graphic file (type pdf)
<use fig_14-eps-converted-to.pdf>
Package pdftex.def Info: fig_14-eps-converted-to.pdf  used on input line 929.
(pdftex.def)             Requested size: 358.50314pt x 143.4016pt.
\openout3 = `Suministros_Eficientes.pyg'.


(./_minted-Suministros_Eficientes/5BBB899EB77C0FE0F54F78325670E0BFECB705E2E1BA2
F153AED8AC88B4F3ED9.pygtex)
Package epstopdf Info: Source file: <fig_15.eps>
(epstopdf)                    date: 2025-06-11 19:23:05
(epstopdf)                    size: 33748 bytes
(epstopdf)             Output file: <fig_15-eps-converted-to.pdf>
(epstopdf)                    date: 2025-06-11 19:24:23
(epstopdf)                    size: 21496 bytes
(epstopdf)             Command: <epstopdf --outfile=fig_15-eps-converted-to.pdf
 fig_15.eps>
(epstopdf)             \includegraphics on input line 953.
Package epstopdf Info: Output file is already uptodate.
<fig_15-eps-converted-to.pdf, id=950, 722.7pt x 289.08pt>
File: fig_15-eps-converted-to.pdf Graphic file (type pdf)
<use fig_15-eps-converted-to.pdf>
Package pdftex.def Info: fig_15-eps-converted-to.pdf  used on input line 953.
(pdftex.def)             Requested size: 358.50314pt x 143.4016pt.
\openout3 = `Suministros_Eficientes.pyg'.


(./_minted-Suministros_Eficientes/47A2818F9EF9523543DE66FF229B8928ECB705E2E1BA2
F153AED8AC88B4F3ED9.pygtex) [25 <./fig_14-eps-converted-to.pdf>]
\openout3 = `Suministros_Eficientes.pyg'.


(./_minted-Suministros_Eficientes/51B6F4DD45DF8085B78C17844EA15DF7ECB705E2E1BA2
F153AED8AC88B4F3ED9.pygtex)
\openout3 = `Suministros_Eficientes.pyg'.


(./_minted-Suministros_Eficientes/BDE63954D6A5EA1FB23A38421BC81E37ECB705E2E1BA2
F153AED8AC88B4F3ED9.pygtex) [26 <./fig_15-eps-converted-to.pdf>]
Package epstopdf Info: Source file: <fig_16.eps>
(epstopdf)                    date: 2025-06-13 09:51:01
(epstopdf)                    size: 23707 bytes
(epstopdf)             Output file: <fig_16-eps-converted-to.pdf>
(epstopdf)                    date: 2025-06-13 09:52:14
(epstopdf)                    size: 15730 bytes
(epstopdf)             Command: <epstopdf --outfile=fig_16-eps-converted-to.pdf
 fig_16.eps>
(epstopdf)             \includegraphics on input line 1011.
Package epstopdf Info: Output file is already uptodate.
<fig_16-eps-converted-to.pdf, id=1066, 722.7pt x 289.08pt>
File: fig_16-eps-converted-to.pdf Graphic file (type pdf)
<use fig_16-eps-converted-to.pdf>
Package pdftex.def Info: fig_16-eps-converted-to.pdf  used on input line 1011.
(pdftex.def)             Requested size: 358.50314pt x 143.4016pt.
\openout3 = `Suministros_Eficientes.pyg'.


(./_minted-Suministros_Eficientes/1342E8CDA17185A7768A30205467DDDFECB705E2E1BA2
F153AED8AC88B4F3ED9.pygtex)
Package epstopdf Info: Source file: <fig_17.eps>
(epstopdf)                    date: 2025-06-13 09:54:56
(epstopdf)                    size: 30120 bytes
(epstopdf)             Output file: <fig_17-eps-converted-to.pdf>
(epstopdf)                    date: 2025-06-13 09:56:30
(epstopdf)                    size: 19152 bytes
(epstopdf)             Command: <epstopdf --outfile=fig_17-eps-converted-to.pdf
 fig_17.eps>
(epstopdf)             \includegraphics on input line 1034.
Package epstopdf Info: Output file is already uptodate.
<fig_17-eps-converted-to.pdf, id=1067, 722.7pt x 289.08pt>
File: fig_17-eps-converted-to.pdf Graphic file (type pdf)
<use fig_17-eps-converted-to.pdf>
Package pdftex.def Info: fig_17-eps-converted-to.pdf  used on input line 1034.
(pdftex.def)             Requested size: 358.50314pt x 143.4016pt.
\openout3 = `Suministros_Eficientes.pyg'.


(./_minted-Suministros_Eficientes/30EE51BF248A2EC9DEF612B5F0C577C7ECB705E2E1BA2
F153AED8AC88B4F3ED9.pygtex) [27 <./fig_16-eps-converted-to.pdf>]
\openout3 = `Suministros_Eficientes.pyg'.


(./_minted-Suministros_Eficientes/C30CC060F9EDCA0BFEBAD1A38EA2E449ECB705E2E1BA2
F153AED8AC88B4F3ED9.pygtex)
Overfull \vbox (3.24658pt too high) detected at line 1101
 []

[28 <./fig_17-eps-converted-to.pdf>]
Package epstopdf Info: Source file: <fig_18.eps>
(epstopdf)                    date: 2025-06-13 10:16:37
(epstopdf)                    size: 27663 bytes
(epstopdf)             Output file: <fig_18-eps-converted-to.pdf>
(epstopdf)                    date: 2025-06-13 10:17:01
(epstopdf)                    size: 18761 bytes
(epstopdf)             Command: <epstopdf --outfile=fig_18-eps-converted-to.pdf
 fig_18.eps>
(epstopdf)             \includegraphics on input line 1105.
Package epstopdf Info: Output file is already uptodate.
<fig_18-eps-converted-to.pdf, id=1173, 722.7pt x 433.62pt>
File: fig_18-eps-converted-to.pdf Graphic file (type pdf)
<use fig_18-eps-converted-to.pdf>
Package pdftex.def Info: fig_18-eps-converted-to.pdf  used on input line 1105.
(pdftex.def)             Requested size: 358.50314pt x 215.1024pt.
\openout3 = `Suministros_Eficientes.pyg'.


(./_minted-Suministros_Eficientes/FBECBDFF307B4C98171B724DA06E212DECB705E2E1BA2
F153AED8AC88B4F3ED9.pygtex) [29 <./fig_18-eps-converted-to.pdf>]
\openout3 = `Suministros_Eficientes.pyg'.


(./_minted-Suministros_Eficientes/88653F5F64A5D9B979212977FECCF182ECB705E2E1BA2
F153AED8AC88B4F3ED9.pygtex) [30]
Package epstopdf Info: Source file: <fig_19.eps>
(epstopdf)                    date: 2025-06-13 10:37:23
(epstopdf)                    size: 34514 bytes
(epstopdf)             Output file: <fig_19-eps-converted-to.pdf>
(epstopdf)                    date: 2025-06-13 10:39:09
(epstopdf)                    size: 22036 bytes
(epstopdf)             Command: <epstopdf --outfile=fig_19-eps-converted-to.pdf
 fig_19.eps>
(epstopdf)             \includegraphics on input line 1186.
Package epstopdf Info: Output file is already uptodate.
<fig_19-eps-converted-to.pdf, id=1225, 722.7pt x 433.62pt>
File: fig_19-eps-converted-to.pdf Graphic file (type pdf)
<use fig_19-eps-converted-to.pdf>
Package pdftex.def Info: fig_19-eps-converted-to.pdf  used on input line 1186.
(pdftex.def)             Requested size: 460.9315pt x 276.55646pt.
 [31 <./fig_19-eps-converted-to.pdf>]
(./Suministros_Eficientes.bbl) [32] (./Suministros_Eficientes.aux
LaTeX Info: Redefining \. on input line 11.
LaTeX Info: Redefining \% on input line 11.
)
 ***********
LaTeX2e <2023-11-01> patch level 1
L3 programming layer <2024-01-22>
 ***********
Package rerunfilecheck Info: File `Suministros_Eficientes.out' has not changed.

(rerunfilecheck)             Checksum: 274DC83E881C73D9E49386B1EE10AD96;16289.
runsystem(rm Suministros_Eficientes.pyg)...executed.

 ) 
Here is how much of TeX's memory you used:
 24505 strings out of 474222
 448681 string characters out of 5748733
 1970975 words of memory out of 5000000
 46125 multiletter control sequences out of 15000+600000
 601718 words of font info for 135 fonts, out of 8000000 for 9000
 1141 hyphenation exceptions out of 8191
 77i,12n,81p,1358b,810s stack positions out of 10000i,1000n,20000p,200000b,200000s
</usr/share/texlive/texmf-dist/fonts/type1/public/amsfonts/cm/cmmi10.pfb></us
r/share/texlive/texmf-dist/fonts/type1/public/amsfonts/cm/cmsy10.pfb></usr/shar
e/texmf/fonts/type1/public/cm-super/sftt0900.pfb></usr/share/texmf/fonts/type1/
public/cm-super/sftt1000.pfb></usr/share/texlive/texmf-dist/fonts/type1/urw/hel
vetic/uhvr8a.pfb></usr/share/texlive/texmf-dist/fonts/type1/urw/palatino/uplb8a
.pfb></usr/share/texlive/texmf-dist/fonts/type1/urw/palatino/uplr8a.pfb></usr/s
hare/texlive/texmf-dist/fonts/type1/urw/palatino/uplri8a.pfb>
Output written on Suministros_Eficientes.pdf (32 pages, 604695 bytes).
PDF statistics:
 1358 PDF objects out of 1440 (max. 8388607)
 563 compressed objects within 6 object streams
 114 named destinations out of 1000 (max. 500000)
 520 words of extra memory for PDF output out of 10000 (max. 10000000)

